1511726882434	geckodriver	INFO	geckodriver 0.19.1
1511726882463	geckodriver	INFO	Listening on 127.0.0.1:50951
1511726884501	mozrunner::runner	INFO	Running command: "C:\\Program Files\\Mozilla Firefox\\firefox.exe" "-marionette" "-profile" "C:\\Users\\Jordy\\AppData\\Local\\Temp\\rust_mozprofile.F47WZz2gUARD"
1511726885779	Marionette	INFO	Enabled via --marionette
Unable to read VR Path Registry from C:\Users\Jordy\AppData\Local\openvr\openvrpaths.vrpath
[Child 5168, Chrome_ChildThread] WARNING: pipe error: 109: file z:/build/build/src/ipc/chromium/src/chrome/common/ipc_channel_win.cc, line 346
[Child 5168, Chrome_ChildThread] WARNING: pipe error: 109: file z:/build/build/src/ipc/chromium/src/chrome/common/ipc_channel_win.cc, line 346
1511726890148	Marionette	INFO	Listening on port 50957
1511726890322	Marionette	WARN	TLS certificate errors will be ignored for this session
1511726890447	Marionette	DEBUG	Register listener.js for window 4294967297
1511726890482	Marionette	DEBUG	Received DOM event "beforeunload" for "about:blank"
1511726892586	Marionette	DEBUG	Received DOM event "beforeunload" for "about:blank"
1511726892589	Marionette	DEBUG	Received DOM event "pagehide" for "about:blank"
1511726892589	Marionette	DEBUG	Received DOM event "unload" for "about:blank"
1511726892826	Marionette	DEBUG	Received DOM event "DOMContentLoaded" for "about:neterror?e=connectionFailure&u=http%3A//localhost%3A8000/&c=UTF-8&f=regular&d=Firefox%20can%E2%80%99t%20establish%20a%20connection%20to%20the%20server%20at%20localhost%3A8000."
Unable to read VR Path Registry from C:\Users\Jordy\AppData\Local\openvr\openvrpaths.vrpath
[Child 2344, Chrome_ChildThread] WARNING: pipe error: 109: file z:/build/build/src/ipc/chromium/src/chrome/common/ipc_channel_win.cc, line 346
[Child 2344, Chrome_ChildThread] WARNING: pipe error: 109: file z:/build/build/src/ipc/chromium/src/chrome/common/ipc_channel_win.cc, line 346
Unable to read VR Path Registry from C:\Users\Jordy\AppData\Local\openvr\openvrpaths.vrpath
[Child 1376, Chrome_ChildThread] WARNING: pipe error: 109: file z:/build/build/src/ipc/chromium/src/chrome/common/ipc_channel_win.cc, line 346
[Child 1376, Chrome_ChildThread] WARNING: pipe error: 109: file z:/build/build/src/ipc/chromium/src/chrome/common/ipc_channel_win.cc, line 346

###!!! [Child][MessageChannel::SendAndWait] Error: (msgtype=0x440006,name=PImageBridge::Msg_WillClose) Channel error: cannot send/recv

Unable to read VR Path Registry from C:\Users\Jordy\AppData\Local\openvr\openvrpaths.vrpath
Received DOM event "beforeunload" for "about:blank"
1511727195941	Marionette	DEBUG	Received DOM event "pagehide" for "about:blank"
1511727195942	Marionette	DEBUG	Received DOM event "unload" for "about:blank"
1511727195956	Marionette	DEBUG	Received DOM event "DOMContentLoaded" for "http://localhost:8000/"
1511727195968	Marionette	DEBUG	Received DOM event "pageshow" for "http://localhost:8000/"
1511728846717	addons.productaddons	WARN	Failed downloading via XHR, status: 0, reason: error
Unable to read VR Path Registry from C:\Users\Jordy\AppData\Local\openvr\openvrpaths.vrpath
[Child 2088, Chrome_ChildThread] WARNING: pipe error: 109: file z:/build/build/src/ipc/chromium/src/chrome/common/ipc_channel_win.cc, line 346
[Child 2088, Chrome_ChildThread] WARNING: pipe error: 109: file z:/build/build/src/ipc/chromium/src/chrome/common/ipc_channel_win.cc, line 346
Unable to read VR Path Registry from C:\Users\Jordy\AppData\Local\openvr\openvrpaths.vrpath
[Child 6296, Chrome_ChildThread] WARNING: pipe error: 109: file z:/build/build/src/ipc/chromium/src/chrome/common/ipc_channel_win.cc, line 346
[Child 6296, Chrome_ChildThread] WARNING: pipe error: 109: file z:/build/build/src/ipc/chromium/src/chrome/common/ipc_channel_win.cc, line 346
Unable to read VR Path Registry from C:\Users\Jordy\AppData\Local\openvr\openvrpaths.vrpath
[GPU 4920, Chrome_ChildThread] WARNING: pipe error: 109: file z:/build/build/src/ipc/chromium/src/chrome/common/ipc_channel_win.cc, line 346

###!!! [Child][MessageChannel::SendAndWait] Error: Channel error: cannot send/recv

Unable to read VR Path Registry from C:\Users\Jordy\AppData\Local\openvr\openvrpaths.vrpath
1511736808119	geckodriver	INFO	geckodriver 0.19.1
1511736808119	geckodriver	INFO	Listening on 127.0.0.1:51731
1511736810272	mozrunner::runner	INFO	Running command: "C:\\Program Files\\Mozilla Firefox\\firefox.exe" "-marionette" "-profile" "C:\\Users\\Jordy\\AppData\\Local\\Temp\\rust_mozprofile.IeT7k57JjzIM"
1511736811351	Marionette	INFO	Enabled via --marionette
Unable to read VR Path Registry from C:\Users\Jordy\AppData\Local\openvr\openvrpaths.vrpath
[Child 6240, Chrome_ChildThread] WARNING: pipe error: 109: file z:/build/build/src/ipc/chromium/src/chrome/common/ipc_channel_win.cc, line 346
[Child 6240, Chrome_ChildThread] WARNING: pipe error: 109: file z:/build/build/src/ipc/chromium/src/chrome/common/ipc_channel_win.cc, line 346
1511736815588	Marionette	INFO	Listening on port 51737
1511736815606	Marionette	WARN	TLS certificate errors will be ignored for this session
1511736815694	Marionette	DEBUG	Register listener.js for window 4294967297
1511736815897	Marionette	DEBUG	Received DOM event "beforeunload" for "about:blank"
1511736817982	Marionette	DEBUG	Received DOM event "beforeunload" for "about:blank"
1511736817986	Marionette	DEBUG	Received DOM event "pagehide" for "about:blank"
1511736817986	Marionette	DEBUG	Received DOM event "unload" for "about:blank"
1511736818042	Marionette	DEBUG	Received DOM event "DOMContentLoaded" for "about:neterror?e=connectionFailure&u=http%3A//localhost%3A8000/&c=UTF-8&f=regular&d=Firefox%20can%E2%80%99t%20establish%20a%20connection%20to%20the%20server%20at%20localhost%3A8000."
Unable to read VR Path Registry from C:\Users\Jordy\AppData\Local\openvr\openvrpaths.vrpath
[Parent 4660, Gecko_IOThread] WARNING: pipe error: 109: file z:/build/build/src/ipc/chromium/src/chrome/common/ipc_channel_win.cc, line 346
Unable to read VR Path Registry from C:\Users\Jordy\AppData\Local\openvr\openvrpaths.vrpath
[Child 6852, Chrome_ChildThread] WARNING: pipe error: 109: file z:/build/build/src/ipc/chromium/src/chrome/common/ipc_channel_win.cc, line 346

###!!! [Child][MessageChannel::SendAndWait] Error: Channel error: cannot send/recv

chrome/common/ipc_channel_win.cc, line 346
[Child 1060, Chrome_ChildThread] WARNING: pipe error: 109: file z:/build/build/src/ipc/chromium/src/chrome/common/ipc_channel_win.cc, line 346
1511737122127	Marionette	INFO	Listening on port 51793
1511737122747	Marionette	WARN	TLS certificate errors will be ignored for this session
1511737122857	Marionette	DEBUG	Register listener.js for window 4294967297
1511737122892	Marionette	DEBUG	Received DOM event "beforeunload" for "about:blank"
1511737123221	Marionette	DEBUG	Received DOM event "pagehide" for "about:blank"
1511737123221	Marionette	DEBUG	Received DOM event "unload" for "about:blank"
1511737123242	Marionette	DEBUG	Received DOM event "DOMContentLoaded" for "http://localhost:8000/"
1511737123252	Marionette	DEBUG	Received DOM event "pageshow" for "http://localhost:8000/"
Unable to read VR Path Registry from C:\Users\Jordy\AppData\Local\openvr\openvrpaths.vrpath
[Parent 6864, Gecko_IOThread] WARNING: pipe error: 109: file z:/build/build/src/ipc/chromium/src/chrome/common/ipc_channel_win.cc, line 346
[Parent 6864, Gecko_IOThread] WARNING: pipe error: 109: file z:/build/build/src/ipc/chromium/src/chrome/common/ipc_channel_win.cc, line 346
Unable to read VR Path Registry from C:\Users\Jordy\AppData\Local\openvr\openvrpaths.vrpath
[Child 5792, Chrome_ChildThread] WARNING: pipe error: 109: file z:/build/build/src/ipc/chromium/src/chrome/common/ipc_channel_win.cc, line 346
[Child 5792, Chrome_ChildThread] WARNING: pipe error: 109: file z:/build/build/src/ipc/chromium/src/chrome/common/ipc_channel_win.cc, line 346
1511742807391	geckodriver	INFO	geckodriver 0.19.1
1511742807403	geckodriver	INFO	Listening on 127.0.0.1:52439
1511742809507	mozrunner::runner	INFO	Running command: "C:\\Program Files\\Mozilla Firefox\\firefox.exe" "-marionette" "-profile" "C:\\Users\\Jordy\\AppData\\Local\\Temp\\rust_mozprofile.9E5AFHAAM7e9"
1511742810706	Marionette	INFO	Enabled via --marionette
Unable to read VR Path Registry from C:\Users\Jordy\AppData\Local\openvr\openvrpaths.vrpath
[Child 4812, Chrome_ChildThread] WARNING: pipe error: 109: file z:/build/build/src/ipc/chromium/src/chrome/common/ipc_channel_win.cc, line 346
[Child 4812, Chrome_ChildThread] WARNING: pipe error: 109: file z:/build/build/src/ipc/chromium/src/chrome/common/ipc_channel_win.cc, line 346
1511742817434	Marionette	INFO	Listening on port 52445
1511742817827	Marionette	WARN	TLS certificate errors will be ignored for this session
1511742817958	Marionette	DEBUG	Register listener.js for window 4294967297
1511742818041	Marionette	DEBUG	Received DOM event "beforeunload" for "about:blank"
1511742818324	Marionette	DEBUG	Received DOM event "pagehide" for "about:blank"
1511742818324	Marionette	DEBUG	Received DOM event "unload" for "about:blank"
1511742818338	Marionette	DEBUG	Received DOM event "DOMContentLoaded" for "http://localhost:8000/"
1511742818347	Marionette	DEBUG	Received DOM event "pageshow" for "http://localhost:8000/"
Unable to read VR Path Registry from C:\Users\Jordy\AppData\Local\openvr\openvrpaths.vrpath
[Child 4892, Chrome_ChildThread] WARNING: pipe error: 109: file z:/build/build/src/ipc/chromium/src/chrome/common/ipc_channel_win.cc, line 346

###!!! [Child][MessageChannel::SendAndWait] Error: Channel error: cannot send/recv

Unable to read VR Path Registry from C:\Users\Jordy\AppData\Local\openvr\openvrpaths.vrpath
1511793267450	geckodriver	INFO	geckodriver 0.19.1
1511793267506	geckodriver	INFO	Listening on 127.0.0.1:49609
1511793269604	mozrunner::runner	INFO	Running command: "C:\\Program Files\\Mozilla Firefox\\firefox.exe" "-marionette" "-profile" "C:\\Users\\Jordy\\AppData\\Local\\Temp\\rust_mozprofile.7mnEELcjORfF"
1511793272256	Marionette	INFO	Enabled via --marionette
Unable to read VR Path Registry from C:\Users\Jordy\AppData\Local\openvr\openvrpaths.vrpath
[Child 648, Chrome_ChildThread] WARNING: pipe error: 109: file z:/build/build/src/ipc/chromium/src/chrome/common/ipc_channel_win.cc, line 346
1511793278706	Marionette	INFO	Listening on port 49615
1511793279079	Marionette	WARN	TLS certificate errors will be ignored for this session
1511793279238	Marionette	DEBUG	Register listener.js for window 4294967297
1511793279936	Marionette	DEBUG	Received DOM event "beforeunload" for "about:blank"
1511793282006	Marionette	DEBUG	Received DOM event "beforeunload" for "about:blank"
1511793282027	Marionette	DEBUG	Received DOM event "pagehide" for "about:blank"
1511793282027	Marionette	DEBUG	Received DOM event "unload" for "about:blank"
1511793282382	Marionette	DEBUG	Received DOM event "DOMContentLoaded" for "about:neterror?e=connectionFailure&u=http%3A//localhost%3A8000/&c=UTF-8&f=regular&d=Firefox%20can%E2%80%99t%20establish%20a%20connection%20to%20the%20server%20at%20localhost%3A8000."
1511793388924	geckodriver	INFO	geckodriver 0.19.1
1511793388934	geckodriver	INFO	Listening on 127.0.0.1:49652
1511793391030	mozrunner::runner	INFO	Running command: "C:\\Program Files\\Mozilla Firefox\\firefox.exe" "-marionette" "-profile" "C:\\Users\\Jordy\\AppData\\Local\\Temp\\rust_mozprofile.npsVFOAQBDLy"
1511793391995	Marionette	INFO	Enabled via --marionette
Unable to read VR Path Registry from C:\Users\Jordy\AppData\Local\openvr\openvrpaths.vrpath
[Child 4952, Chrome_ChildThread] WARNING: pipe error: 109: file z:/build/build/src/ipc/chromium/src/chrome/common/ipc_channel_win.cc, line 346
1511793395663	Marionette	INFO	Listening on port 49658
1511793396245	Marionette	WARN	TLS certificate errors will be ignored for this session
1511793396358	Marionette	DEBUG	Register listener.js for window 4294967297
1511793396424	Marionette	DEBUG	Received DOM event "beforeunload" for "about:blank"
1511793398464	Marionette	DEBUG	Received DOM event "beforeunload" for "about:blank"
1511793398467	Marionette	DEBUG	Received DOM event "pagehide" for "about:blank"
1511793398468	Marionette	DEBUG	Received DOM event "unload" for "about:blank"
1511793398521	Marionette	DEBUG	Received DOM event "DOMContentLoaded" for "about:neterror?e=connectionFailure&u=http%3A//localhost%3A8000/&c=UTF-8&f=regular&d=Firefox%20can%E2%80%99t%20establish%20a%20connection%20to%20the%20server%20at%20localhost%3A8000."
Unable to read VR Path Registry from C:\Users\Jordy\AppData\Local\openvr\openvrpaths.vrpath
[Child 1384, Chrome_ChildThread] WARNING: pipe error: 109: file z:/build/build/src/ipc/chromium/src/chrome/common/ipc_channel_win.cc, line 346
[Child 1384, Chrome_ChildThread] WARNING: pipe error: 109: file z:/build/build/src/ipc/chromium/src/chrome/common/ipc_channel_win.cc, line 346
1511793554445	geckodriver	INFO	geckodriver 0.19.1
1511793554454	geckodriver	INFO	Listening on 127.0.0.1:49698
1511793556556	mozrunner::runner	INFO	Running command: "C:\\Program Files\\Mozilla Firefox\\firefox.exe" "-marionette" "-profile" "C:\\Users\\Jordy\\AppData\\Local\\Temp\\rust_mozprofile.h5qtHcAUjVsD"
1511793557558	Marionette	INFO	Enabled via --marionette
Unable to read VR Path Registry from C:\Users\Jordy\AppData\Local\openvr\openvrpaths.vrpath
[Child 396, Chrome_ChildThread] WARNING: pipe error: 109: file z:/build/build/src/ipc/chromium/src/chrome/common/ipc_channel_win.cc, line 346
[Child 396, Chrome_ChildThread] WARNING: pipe error: 109: file z:/build/build/src/ipc/chromium/src/chrome/common/ipc_channel_win.cc, line 346
1511793563507	Marionette	INFO	Listening on port 49704
1511793563920	Marionette	WARN	TLS certificate errors will be ignored for this session
1511793564038	Marionette	DEBUG	Register listener.js for window 4294967297
1511793564075	Marionette	DEBUG	Received DOM event "beforeunload" for "about:blank"
1511793564510	Marionette	DEBUG	Received DOM event "pagehide" for "about:blank"
1511793564510	Marionette	DEBUG	Received DOM event "unload" for "about:blank"
1511793564524	Marionette	DEBUG	Received DOM event "DOMContentLoaded" for "http://localhost:8000/"
1511793564535	Marionette	DEBUG	Received DOM event "pageshow" for "http://localhost:8000/"
1511840595409	geckodriver	INFO	geckodriver 0.19.1
1511840595457	geckodriver	INFO	Listening on 127.0.0.1:51935
1511840597549	mozrunner::runner	INFO	Running command: "C:\\Program Files\\Mozilla Firefox\\firefox.exe" "-marionette" "-profile" "C:\\Users\\Jordy\\AppData\\Local\\Temp\\rust_mozprofile.MegxWT7M5H87"
1511840601513	Marionette	INFO	Enabled via --marionette
Unable to read VR Path Registry from C:\Users\Jordy\AppData\Local\openvr\openvrpaths.vrpath
[Parent 552, Gecko_IOThread] WARNING: pipe error: 109: file z:/build/build/src/ipc/chromium/src/chrome/common/ipc_channel_win.cc, line 346
1511840611672	Marionette	INFO	Listening on port 51941
1511840612281	Marionette	WARN	TLS certificate errors will be ignored for this session
1511840612404	Marionette	DEBUG	Register listener.js for window 4294967297
1511840613103	Marionette	DEBUG	Received DOM event "beforeunload" for "about:blank"
1511840613603	Marionette	DEBUG	Received DOM event "pagehide" for "about:blank"
1511840613603	Marionette	DEBUG	Received DOM event "unload" for "about:blank"
1511840613615	Marionette	DEBUG	Received DOM event "DOMContentLoaded" for "http://localhost:8000/"
1511840613618	Marionette	DEBUG	Received DOM event "pageshow" for "http://localhost:8000/"
1511840614077	addons.xpi	WARN	Exception running bootstrap method shutdown on activity-stream@mozilla.org: [Exception... "Component returned failure code: 0x80004005 (NS_ERROR_FAILURE) [nsIObserverService.removeObserver]"  nsresult: "0x80004005 (NS_ERROR_FAILURE)"  location: "JS frame :: resource://activity-stream/lib/SnippetsFeed.jsm :: uninit :: line 123"  data: no] Stack trace: uninit()@resource://activity-stream/lib/SnippetsFeed.jsm:123 < onAction()@resource://activity-stream/lib/SnippetsFeed.jsm:138 < _middleware/</<()@resource://activity-stream/lib/Store.jsm:52 < Store/this[method]()@resource://activity-stream/lib/Store.jsm:31 < uninit()@resource://activity-stream/lib/Store.jsm:151 < uninit()@resource://activity-stream/lib/ActivityStream.jsm:266 < uninit()@resource://gre/modules/addons/XPIProvider.jsm -> jar:file:///C:/Program%20Files/Mozilla%20Firefox/browser/features/activity-stream@mozilla.org.xpi!/bootstrap.js:80 < shutdown()@resource://gre/modules/addons/XPIProvider.jsm -> jar:file:///C:/Program%20Files/Mozilla%20Firefox/browser/features/activity-stream@mozilla.org.xpi!/bootstrap.js:196 < callBootstrapMethod()@resource://gre/modules/addons/XPIProvider.jsm:4509 < observe()@resource://gre/modules/addons/XPIProvider.jsm:2281 < GeckoDriver.prototype.quit()@driver.js:3307 < despatch()@server.js:553 < execute()@server.js:527 < onPacket/<()@server.js:502 < onPacket()@server.js:501 < _onJSONObjectReady/<()@transport.js:501
[Parent 552, Gecko_IOThread] WARNING: pipe error: 109: file z:/build/build/src/ipc/chromium/src/chrome/common/ipc_channel_win.cc, line 346
1511898194764	geckodriver	INFO	geckodriver 0.19.1
1511898194805	geckodriver	INFO	Listening on 127.0.0.1:64031
1511898196871	mozrunner::runner	INFO	Running command: "C:\\Program Files\\Mozilla Firefox\\firefox.exe" "-marionette" "-profile" "C:\\Users\\Jordy\\AppData\\Local\\Temp\\rust_mozprofile.sW3lZwuuLr50"
1511898199461	Marionette	INFO	Enabled via --marionette
Unable to read VR Path Registry from C:\Users\Jordy\AppData\Local\openvr\openvrpaths.vrpath
[Child 4412, Chrome_ChildThread] WARNING: pipe error: 109: file z:/build/build/src/ipc/chromium/src/chrome/common/ipc_channel_win.cc, line 346
[Child 4412, Chrome_ChildThread] WARNING: pipe error: 109: file z:/build/build/src/ipc/chromium/src/chrome/common/ipc_channel_win.cc, line 346
1511898206057	Marionette	INFO	Listening on port 64037
1511898206850	Marionette	WARN	TLS certificate errors will be ignored for this session
1511898206950	Marionette	DEBUG	Register listener.js for window 4294967297
1511898207048	Marionette	DEBUG	Received DOM event "beforeunload" for "about:blank"
1511898207437	Marionette	DEBUG	Received DOM event "pagehide" for "about:blank"
1511898207437	Marionette	DEBUG	Received DOM event "unload" for "about:blank"
1511898207448	Marionette	DEBUG	Received DOM event "DOMContentLoaded" for "http://localhost:8000/"
1511898207451	Marionette	DEBUG	Received DOM event "pageshow" for "http://localhost:8000/"
1511901091683	geckodriver	INFO	geckodriver 0.19.1
1511901091692	geckodriver	INFO	Listening on 127.0.0.1:64627
1511901093762	mozrunner::runner	INFO	Running command: "C:\\Program Files\\Mozilla Firefox\\firefox.exe" "-marionette" "-profile" "C:\\Users\\Jordy\\AppData\\Local\\Temp\\rust_mozprofile.k6qESluZqS3w"
1511901094901	Marionette	INFO	Enabled via --marionette
Unable to read VR Path Registry from C:\Users\Jordy\AppData\Local\openvr\openvrpaths.vrpath
[Child 6844, Chrome_ChildThread] WARNING: pipe error: 109: file z:/build/build/src/ipc/chromium/src/chrome/common/ipc_channel_win.cc, line 346
[Child 6844, Chrome_ChildThread] WARNING: pipe error: 109: file z:/build/build/src/ipc/chromium/src/chrome/common/ipc_channel_win.cc, line 346
1511901099459	Marionette	INFO	Listening on port 64633
1511901099519	Marionette	WARN	TLS certificate errors will be ignored for this session
1511901099627	Marionette	DEBUG	Register listener.js for window 4294967297
1511901099849	Marionette	DEBUG	Received DOM event "beforeunload" for "about:blank"
1511901100162	Marionette	DEBUG	Received DOM event "pagehide" for "about:blank"
1511901100162	Marionette	DEBUG	Received DOM event "unload" for "about:blank"
1511901100175	Marionette	DEBUG	Received DOM event "DOMContentLoaded" for "http://localhost:8000/"
1511901100183	Marionette	DEBUG	Received DOM event "pageshow" for "http://localhost:8000/"
1511901100464	addons.xpi	WARN	Exception running bootstrap method shutdown on activity-stream@mozilla.org: [Exception... "Component returned failure code: 0x80004005 (NS_ERROR_FAILURE) [nsIObserverService.removeObserver]"  nsresult: "0x80004005 (NS_ERROR_FAILURE)"  location: "JS frame :: resource://activity-stream/lib/SnippetsFeed.jsm :: uninit :: line 123"  data: no] Stack trace: uninit()@resource://activity-stream/lib/SnippetsFeed.jsm:123 < onAction()@resource://activity-stream/lib/SnippetsFeed.jsm:138 < _middleware/</<()@resource://activity-stream/lib/Store.jsm:52 < Store/this[method]()@resource://activity-stream/lib/Store.jsm:31 < uninit()@resource://activity-stream/lib/Store.jsm:151 < uninit()@resource://activity-stream/lib/ActivityStream.jsm:266 < uninit()@resource://gre/modules/addons/XPIProvider.jsm -> jar:file:///C:/Program%20Files/Mozilla%20Firefox/browser/features/activity-stream@mozilla.org.xpi!/bootstrap.js:80 < shutdown()@resource://gre/modules/addons/XPIProvider.jsm -> jar:file:///C:/Program%20Files/Mozilla%20Firefox/browser/features/activity-stream@mozilla.org.xpi!/bootstrap.js:196 < callBootstrapMethod()@resource://gre/modules/addons/XPIProvider.jsm:4509 < observe()@resource://gre/modules/addons/XPIProvider.jsm:2281 < GeckoDriver.prototype.quit()@driver.js:3307 < despatch()@server.js:553 < execute()@server.js:527 < onPacket/<()@server.js:502 < onPacket()@server.js:501 < _onJSONObjectReady/<()@transport.js:501
Unable to read VR Path Registry from C:\Users\Jordy\AppData\Local\openvr\openvrpaths.vrpath
[Parent 6032, Gecko_IOThread] WARNING: pipe error: 109: file z:/build/build/src/ipc/chromium/src/chrome/common/ipc_channel_win.cc, line 346
1511901183778	geckodriver	INFO	geckodriver 0.19.1
1511901183792	geckodriver	INFO	Listening on 127.0.0.1:64667
1511901185853	mozrunner::runner	INFO	Running command: "C:\\Program Files\\Mozilla Firefox\\firefox.exe" "-marionette" "-profile" "C:\\Users\\Jordy\\AppData\\Local\\Temp\\rust_mozprofile.3Ig4BPXsrkNa"
1511901187117	Marionette	INFO	Enabled via --marionette
Unable to read VR Path Registry from C:\Users\Jordy\AppData\Local\openvr\openvrpaths.vrpath
[Child 4272, Chrome_ChildThread] WARNING: pipe error: 109: file z:/build/build/src/ipc/chromium/src/chrome/common/ipc_channel_win.cc, line 346
[Child 4272, Chrome_ChildThread] WARNING: pipe error: 109: file z:/build/build/src/ipc/chromium/src/chrome/common/ipc_channel_win.cc, line 346
1511901192515	Marionette	INFO	Listening on port 64673
1511901193362	Marionette	WARN	TLS certificate errors will be ignored for this session
1511901193460	Marionette	DEBUG	Register listener.js for window 4294967297
1511901193507	Marionette	DEBUG	Received DOM event "beforeunload" for "about:blank"
1511901193785	Marionette	DEBUG	Received DOM event "pagehide" for "about:blank"
1511901193785	Marionette	DEBUG	Received DOM event "unload" for "about:blank"
1511901193802	Marionette	DEBUG	Received DOM event "DOMContentLoaded" for "http://localhost:8000/"
1511901193814	Marionette	DEBUG	Received DOM event "pageshow" for "http://localhost:8000/"
1511901241946	geckodriver	INFO	geckodriver 0.19.1
1511901241955	geckodriver	INFO	Listening on 127.0.0.1:64713
1511901243994	mozrunner::runner	INFO	Running command: "C:\\Program Files\\Mozilla Firefox\\firefox.exe" "-marionette" "-profile" "C:\\Users\\Jordy\\AppData\\Local\\Temp\\rust_mozprofile.QTYJcTxueXBP"
1511901245769	Marionette	INFO	Enabled via --marionette
Unable to read VR Path Registry from C:\Users\Jordy\AppData\Local\openvr\openvrpaths.vrpath
[Parent 1936, Gecko_IOThread] WARNING: pipe error: 109: file z:/build/build/src/ipc/chromium/src/chrome/common/ipc_channel_win.cc, line 346
Unable to read VR Path Registry from C:\Users\Jordy\AppData\Local\openvr\openvrpaths.vrpath
[Child 4816, Chrome_ChildThread] WARNING: pipe error: 109: file z:/build/build/src/ipc/chromium/src/chrome/common/ipc_channel_win.cc, line 346
1511901251638	Marionette	INFO	Listening on port 64719
1511901251840	Marionette	WARN	TLS certificate errors will be ignored for this session
1511901251947	Marionette	DEBUG	Register listener.js for window 4294967297
1511901252010	Marionette	DEBUG	Received DOM event "beforeunload" for "about:blank"
1511901252290	Marionette	DEBUG	Received DOM event "pagehide" for "about:blank"
1511901252290	Marionette	DEBUG	Received DOM event "unload" for "about:blank"
1511901252300	Marionette	DEBUG	Received DOM event "DOMContentLoaded" for "http://localhost:8000/"
1511901252305	Marionette	DEBUG	Received DOM event "pageshow" for "http://localhost:8000/"
1511901252469	addons.xpi	WARN	Exception running bootstrap method shutdown on activity-stream@mozilla.org: [Exception... "Component returned failure code: 0x80004005 (NS_ERROR_FAILURE) [nsIObserverService.removeObserver]"  nsresult: "0x80004005 (NS_ERROR_FAILURE)"  location: "JS frame :: resource://activity-stream/lib/SnippetsFeed.jsm :: uninit :: line 123"  data: no] Stack trace: uninit()@resource://activity-stream/lib/SnippetsFeed.jsm:123 < onAction()@resource://activity-stream/lib/SnippetsFeed.jsm:138 < _middleware/</<()@resource://activity-stream/lib/Store.jsm:52 < Store/this[method]()@resource://activity-stream/lib/Store.jsm:31 < uninit()@resource://activity-stream/lib/Store.jsm:151 < uninit()@resource://activity-stream/lib/ActivityStream.jsm:266 < uninit()@resource://gre/modules/addons/XPIProvider.jsm -> jar:file:///C:/Program%20Files/Mozilla%20Firefox/browser/features/activity-stream@mozilla.org.xpi!/bootstrap.js:80 < shutdown()@resource://gre/modules/addons/XPIProvider.jsm -> jar:file:///C:/Program%20Files/Mozilla%20Firefox/browser/features/activity-stream@mozilla.org.xpi!/bootstrap.js:196 < callBootstrapMethod()@resource://gre/modules/addons/XPIProvider.jsm:4509 < observe()@resource://gre/modules/addons/XPIProvider.jsm:2281 < GeckoDriver.prototype.quit()@driver.js:3307 < despatch()@server.js:553 < execute()@server.js:527 < onPacket/<()@server.js:502 < onPacket()@server.js:501 < _onJSONObjectReady/<()@transport.js:501
1511901317123	geckodriver	INFO	geckodriver 0.19.1
1511901317132	geckodriver	INFO	Listening on 127.0.0.1:64756
1511901319203	mozrunner::runner	INFO	Running command: "C:\\Program Files\\Mozilla Firefox\\firefox.exe" "-marionette" "-profile" "C:\\Users\\Jordy\\AppData\\Local\\Temp\\rust_mozprofile.Dv7dmx4dCltK"
1511901320462	Marionette	INFO	Enabled via --marionette
Unable to read VR Path Registry from C:\Users\Jordy\AppData\Local\openvr\openvrpaths.vrpath
[Child 564, Chrome_ChildThread] WARNING: pipe error: 109: file z:/build/build/src/ipc/chromium/src/chrome/common/ipc_channel_win.cc, line 346
[Child 564, Chrome_ChildThread] WARNING: pipe error: 109: file z:/build/build/src/ipc/chromium/src/chrome/common/ipc_channel_win.cc, line 346
1511901326480	Marionette	INFO	Listening on port 64762
1511901326556	Marionette	WARN	TLS certificate errors will be ignored for this session
1511901326679	Marionette	DEBUG	Register listener.js for window 4294967297
1511901326716	Marionette	DEBUG	Received DOM event "beforeunload" for "about:blank"
1511901326996	Marionette	DEBUG	Received DOM event "pagehide" for "about:blank"
1511901326996	Marionette	DEBUG	Received DOM event "unload" for "about:blank"
1511901327005	Marionette	DEBUG	Received DOM event "DOMContentLoaded" for "http://localhost:8000/"
1511901327012	Marionette	DEBUG	Received DOM event "pageshow" for "http://localhost:8000/"
1511901327145	addons.xpi	WARN	Exception running bootstrap method shutdown on activity-stream@mozilla.org: [Exception... "Component returned failure code: 0x80004005 (NS_ERROR_FAILURE) [nsIObserverService.removeObserver]"  nsresult: "0x80004005 (NS_ERROR_FAILURE)"  location: "JS frame :: resource://activity-stream/lib/SnippetsFeed.jsm :: uninit :: line 123"  data: no] Stack trace: uninit()@resource://activity-stream/lib/SnippetsFeed.jsm:123 < onAction()@resource://activity-stream/lib/SnippetsFeed.jsm:138 < _middleware/</<()@resource://activity-stream/lib/Store.jsm:52 < Store/this[method]()@resource://activity-stream/lib/Store.jsm:31 < uninit()@resource://activity-stream/lib/Store.jsm:151 < uninit()@resource://activity-stream/lib/ActivityStream.jsm:266 < uninit()@resource://gre/modules/addons/XPIProvider.jsm -> jar:file:///C:/Program%20Files/Mozilla%20Firefox/browser/features/activity-stream@mozilla.org.xpi!/bootstrap.js:80 < shutdown()@resource://gre/modules/addons/XPIProvider.jsm -> jar:file:///C:/Program%20Files/Mozilla%20Firefox/browser/features/activity-stream@mozilla.org.xpi!/bootstrap.js:196 < callBootstrapMethod()@resource://gre/modules/addons/XPIProvider.jsm:4509 < observe()@resource://gre/modules/addons/XPIProvider.jsm:2281 < GeckoDriver.prototype.quit()@driver.js:3307 < despatch()@server.js:553 < execute()@server.js:527 < onPacket/<()@server.js:502 < onPacket()@server.js:501 < _onJSONObjectReady/<()@transport.js:501
1511901383937	geckodriver	INFO	geckodriver 0.19.1
1511901383946	geckodriver	INFO	Listening on 127.0.0.1:64797
1511901386008	mozrunner::runner	INFO	Running command: "C:\\Program Files\\Mozilla Firefox\\firefox.exe" "-marionette" "-profile" "C:\\Users\\Jordy\\AppData\\Local\\Temp\\rust_mozprofile.x8TnN6jXoSlx"
1511901386985	Marionette	INFO	Enabled via --marionette
Unable to read VR Path Registry from C:\Users\Jordy\AppData\Local\openvr\openvrpaths.vrpath
[Parent 4852, Gecko_IOThread] WARNING: pipe error: 109: file z:/build/build/src/ipc/chromium/src/chrome/common/ipc_channel_win.cc, line 346
Unable to read VR Path Registry from C:\Users\Jordy\AppData\Local\openvr\openvrpaths.vrpath
[Child 5968, Chrome_ChildThread] WARNING: pipe error: 109: file z:/build/build/src/ipc/chromium/src/chrome/common/ipc_channel_win.cc, line 346
[Child 5968, Chrome_ChildThread] WARNING: pipe error: 109: file z:/build/build/src/ipc/chromium/src/chrome/common/ipc_channel_win.cc, line 346
1511901392576	Marionette	INFO	Listening on port 64803
1511901393339	Marionette	WARN	TLS certificate errors will be ignored for this session
1511901393437	Marionette	DEBUG	Register listener.js for window 4294967297
1511901393488	Marionette	DEBUG	Received DOM event "beforeunload" for "about:blank"
1511901393766	Marionette	DEBUG	Received DOM event "pagehide" for "about:blank"
1511901393767	Marionette	DEBUG	Received DOM event "unload" for "about:blank"
1511901393781	Marionette	DEBUG	Received DOM event "DOMContentLoaded" for "http://localhost:8000/"
1511901393796	Marionette	DEBUG	Received DOM event "pageshow" for "http://localhost:8000/"
1511901636724	geckodriver	INFO	geckodriver 0.19.1
1511901636734	geckodriver	INFO	Listening on 127.0.0.1:64858
1511901638806	mozrunner::runner	INFO	Running command: "C:\\Program Files\\Mozilla Firefox\\firefox.exe" "-marionette" "-profile" "C:\\Users\\Jordy\\AppData\\Local\\Temp\\rust_mozprofile.rhxxLi6KDgyv"
1511901639896	Marionette	INFO	Enabled via --marionette
Unable to read VR Path Registry from C:\Users\Jordy\AppData\Local\openvr\openvrpaths.vrpath
[Parent 5900, Gecko_IOThread] WARNING: pipe error: 109: file z:/build/build/src/ipc/chromium/src/chrome/common/ipc_channel_win.cc, line 346
Unable to read VR Path Registry from C:\Users\Jordy\AppData\Local\openvr\openvrpaths.vrpath
[Child 3512, Chrome_ChildThread] WARNING: pipe error: 109: file z:/build/build/src/ipc/chromium/src/chrome/common/ipc_channel_win.cc, line 346
[Child 3512, Chrome_ChildThread] WARNING: pipe error: 109: file z:/build/build/src/ipc/chromium/src/chrome/common/ipc_channel_win.cc, line 346
1511901645746	Marionette	INFO	Listening on port 64864
1511901646114	Marionette	WARN	TLS certificate errors will be ignored for this session
1511901646208	Marionette	DEBUG	Register listener.js for window 4294967297
1511901646286	Marionette	DEBUG	Received DOM event "beforeunload" for "about:blank"
1511901646565	Marionette	DEBUG	Received DOM event "pagehide" for "about:blank"
1511901646565	Marionette	DEBUG	Received DOM event "unload" for "about:blank"
1511901646579	Marionette	DEBUG	Received DOM event "DOMContentLoaded" for "http://localhost:8000/"
1511901646592	Marionette	DEBUG	Received DOM event "pageshow" for "http://localhost:8000/"
1511901867125	geckodriver	INFO	geckodriver 0.19.1
1511901867134	geckodriver	INFO	Listening on 127.0.0.1:64913
1511901869212	mozrunner::runner	INFO	Running command: "C:\\Program Files\\Mozilla Firefox\\firefox.exe" "-marionette" "-profile" "C:\\Users\\Jordy\\AppData\\Local\\Temp\\rust_mozprofile.fFtixWkUD5SU"
1511901870172	Marionette	INFO	Enabled via --marionette
Unable to read VR Path Registry from C:\Users\Jordy\AppData\Local\openvr\openvrpaths.vrpath
[Child 2208, Chrome_ChildThread] WARNING: pipe error: 109: file z:/build/build/src/ipc/chromium/src/chrome/common/ipc_channel_win.cc, line 346
[Child 2208, Chrome_ChildThread] WARNING: pipe error: 109: file z:/build/build/src/ipc/chromium/src/chrome/common/ipc_channel_win.cc, line 346
1511901876303	Marionette	INFO	Listening on port 64919
1511901876563	Marionette	WARN	TLS certificate errors will be ignored for this session
1511901876664	Marionette	DEBUG	Register listener.js for window 4294967297
1511901876719	Marionette	DEBUG	Received DOM event "beforeunload" for "about:blank"
1511901877014	Marionette	DEBUG	Received DOM event "pagehide" for "about:blank"
1511901877015	Marionette	DEBUG	Received DOM event "unload" for "about:blank"
1511901877025	Marionette	DEBUG	Received DOM event "DOMContentLoaded" for "http://localhost:8000/"
1511901877035	Marionette	DEBUG	Received DOM event "pageshow" for "http://localhost:8000/"
1511901932551	geckodriver	INFO	geckodriver 0.19.1
1511901932561	geckodriver	INFO	Listening on 127.0.0.1:64956
1511901934646	mozrunner::runner	INFO	Running command: "C:\\Program Files\\Mozilla Firefox\\firefox.exe" "-marionette" "-profile" "C:\\Users\\Jordy\\AppData\\Local\\Temp\\rust_mozprofile.iioVp1z09Kb9"
1511901935588	Marionette	INFO	Enabled via --marionette
1511901941798	Marionette	INFO	Listening on port 64962
1511901942145	Marionette	WARN	TLS certificate errors will be ignored for this session
1511901942267	Marionette	DEBUG	Register listener.js for window 4294967297
1511901942316	Marionette	DEBUG	Received DOM event "beforeunload" for "about:blank"
1511901942627	Marionette	DEBUG	Received DOM event "pagehide" for "about:blank"
1511901942628	Marionette	DEBUG	Received DOM event "unload" for "about:blank"
1511901942645	Marionette	DEBUG	Received DOM event "DOMContentLoaded" for "http://localhost:8000/"
1511901942657	Marionette	DEBUG	Received DOM event "pageshow" for "http://localhost:8000/"
1511901942841	addons.xpi	WARN	Exception running bootstrap method shutdown on activity-stream@mozilla.org: [Exception... "Component returned failure code: 0x80004005 (NS_ERROR_FAILURE) [nsIObserverService.removeObserver]"  nsresult: "0x80004005 (NS_ERROR_FAILURE)"  location: "JS frame :: resource://activity-stream/lib/SnippetsFeed.jsm :: uninit :: line 123"  data: no] Stack trace: uninit()@resource://activity-stream/lib/SnippetsFeed.jsm:123 < onAction()@resource://activity-stream/lib/SnippetsFeed.jsm:138 < _middleware/</<()@resource://activity-stream/lib/Store.jsm:52 < Store/this[method]()@resource://activity-stream/lib/Store.jsm:31 < uninit()@resource://activity-stream/lib/Store.jsm:151 < uninit()@resource://activity-stream/lib/ActivityStream.jsm:266 < uninit()@resource://gre/modules/addons/XPIProvider.jsm -> jar:file:///C:/Program%20Files/Mozilla%20Firefox/browser/features/activity-stream@mozilla.org.xpi!/bootstrap.js:80 < shutdown()@resource://gre/modules/addons/XPIProvider.jsm -> jar:file:///C:/Program%20Files/Mozilla%20Firefox/browser/features/activity-stream@mozilla.org.xpi!/bootstrap.js:196 < callBootstrapMethod()@resource://gre/modules/addons/XPIProvider.jsm:4509 < observe()@resource://gre/modules/addons/XPIProvider.jsm:2281 < GeckoDriver.prototype.quit()@driver.js:3307 < despatch()@server.js:553 < execute()@server.js:527 < onPacket/<()@server.js:502 < onPacket()@server.js:501 < _onJSONObjectReady/<()@transport.js:501
Unable to read VR Path Registry from C:\Users\Jordy\AppData\Local\openvr\openvrpaths.vrpath
[Child 3500, Chrome_ChildThread] WARNING: pipe error: 109: file z:/build/build/src/ipc/chromium/src/chrome/common/ipc_channel_win.cc, line 346
[Child 3500, Chrome_ChildThread] WARNING: pipe error: 109: file z:/build/build/src/ipc/chromium/src/chrome/common/ipc_channel_win.cc, line 346
1511902115548	geckodriver	INFO	geckodriver 0.19.1
1511902115557	geckodriver	INFO	Listening on 127.0.0.1:65001
1511902117624	mozrunner::runner	INFO	Running command: "C:\\Program Files\\Mozilla Firefox\\firefox.exe" "-marionette" "-profile" "C:\\Users\\Jordy\\AppData\\Local\\Temp\\rust_mozprofile.j1zQimoSyRGB"
1511902118802	Marionette	INFO	Enabled via --marionette
Unable to read VR Path Registry from C:\Users\Jordy\AppData\Local\openvr\openvrpaths.vrpath
[Child 5268, Chrome_ChildThread] WARNING: pipe error: 109: file z:/build/build/src/ipc/chromium/src/chrome/common/ipc_channel_win.cc, line 346
[Child 5268, Chrome_ChildThread] WARNING: pipe error: 109: file z:/build/build/src/ipc/chromium/src/chrome/common/ipc_channel_win.cc, line 346
1511902124155	Marionette	INFO	Listening on port 65007
1511902124973	Marionette	WARN	TLS certificate errors will be ignored for this session
1511902125069	Marionette	DEBUG	Register listener.js for window 4294967297
1511902125104	Marionette	DEBUG	Received DOM event "beforeunload" for "about:blank"
1511902125371	Marionette	DEBUG	Received DOM event "pagehide" for "about:blank"
1511902125371	Marionette	DEBUG	Received DOM event "unload" for "about:blank"
1511902125379	Marionette	DEBUG	Received DOM event "DOMContentLoaded" for "http://localhost:8000/"
1511902125391	Marionette	DEBUG	Received DOM event "pageshow" for "http://localhost:8000/"
Unable to read VR Path Registry from C:\Users\Jordy\AppData\Local\openvr\openvrpaths.vrpath
[Parent 6064, Gecko_IOThread] WARNING: pipe error: 109: file z:/build/build/src/ipc/chromium/src/chrome/common/ipc_channel_win.cc, line 346
1511902255427	geckodriver	INFO	geckodriver 0.19.1
1511902255436	geckodriver	INFO	Listening on 127.0.0.1:65052
1511902257521	mozrunner::runner	INFO	Running command: "C:\\Program Files\\Mozilla Firefox\\firefox.exe" "-marionette" "-profile" "C:\\Users\\Jordy\\AppData\\Local\\Temp\\rust_mozprofile.2sTOFOsaAhRD"
1511902258785	Marionette	INFO	Enabled via --marionette
Unable to read VR Path Registry from C:\Users\Jordy\AppData\Local\openvr\openvrpaths.vrpath
[Child 1396, Chrome_ChildThread] WARNING: pipe error: 109: file z:/build/build/src/ipc/chromium/src/chrome/common/ipc_channel_win.cc, line 346
1511902263275	Marionette	INFO	Listening on port 65058
1511902263747	Marionette	WARN	TLS certificate errors will be ignored for this session
1511902263841	Marionette	DEBUG	Register listener.js for window 4294967297
1511902263873	Marionette	DEBUG	Received DOM event "beforeunload" for "about:blank"
1511902264156	Marionette	DEBUG	Received DOM event "pagehide" for "about:blank"
1511902264157	Marionette	DEBUG	Received DOM event "unload" for "about:blank"
1511902264170	Marionette	DEBUG	Received DOM event "DOMContentLoaded" for "http://localhost:8000/"
1511902264187	Marionette	DEBUG	Received DOM event "pageshow" for "http://localhost:8000/"
1511902367223	geckodriver	INFO	geckodriver 0.19.1
1511902367235	geckodriver	INFO	Listening on 127.0.0.1:65098
1511902369304	mozrunner::runner	INFO	Running command: "C:\\Program Files\\Mozilla Firefox\\firefox.exe" "-marionette" "-profile" "C:\\Users\\Jordy\\AppData\\Local\\Temp\\rust_mozprofile.jNjNvz75J7ho"
1511902370316	Marionette	INFO	Enabled via --marionette
1511902377074	Marionette	INFO	Listening on port 65104
1511902377133	Marionette	WARN	TLS certificate errors will be ignored for this session
1511902377227	Marionette	DEBUG	Register listener.js for window 4294967297
1511902377433	Marionette	DEBUG	Received DOM event "beforeunload" for "about:blank"
1511902377721	Marionette	DEBUG	Received DOM event "pagehide" for "about:blank"
1511902377721	Marionette	DEBUG	Received DOM event "unload" for "about:blank"
1511902377728	Marionette	DEBUG	Received DOM event "DOMContentLoaded" for "http://localhost:8000/"
1511902377739	Marionette	DEBUG	Received DOM event "pageshow" for "http://localhost:8000/"
1511902494499	geckodriver	INFO	geckodriver 0.19.1
1511902494508	geckodriver	INFO	Listening on 127.0.0.1:65149
1511902496575	mozrunner::runner	INFO	Running command: "C:\\Program Files\\Mozilla Firefox\\firefox.exe" "-marionette" "-profile" "C:\\Users\\Jordy\\AppData\\Local\\Temp\\rust_mozprofile.lWVeLtc7MNYe"
1511902497619	Marionette	INFO	Enabled via --marionette
Unable to read VR Path Registry from C:\Users\Jordy\AppData\Local\openvr\openvrpaths.vrpath
[Child 5420, Chrome_ChildThread] WARNING: pipe error: 109: file z:/build/build/src/ipc/chromium/src/chrome/common/ipc_channel_win.cc, line 346
[Child 5420, Chrome_ChildThread] WARNING: pipe error: 109: file z:/build/build/src/ipc/chromium/src/chrome/common/ipc_channel_win.cc, line 346
1511902503914	Marionette	INFO	Listening on port 65155
1511902503934	Marionette	WARN	TLS certificate errors will be ignored for this session
1511902504040	Marionette	DEBUG	Register listener.js for window 4294967297
1511902504209	Marionette	DEBUG	Received DOM event "beforeunload" for "about:blank"
1511902504628	Marionette	DEBUG	Received DOM event "pagehide" for "about:blank"
1511902504628	Marionette	DEBUG	Received DOM event "unload" for "about:blank"
1511902504637	Marionette	DEBUG	Received DOM event "DOMContentLoaded" for "http://localhost:8000/"
1511902504650	Marionette	DEBUG	Received DOM event "pageshow" for "http://localhost:8000/"
Unable to read VR Path Registry from C:\Users\Jordy\AppData\Local\openvr\openvrpaths.vrpath
[Child 480, Chrome_ChildThread] WARNING: pipe error: 109: file z:/build/build/src/ipc/chromium/src/chrome/common/ipc_channel_win.cc, line 346
1512005176912	geckodriver	INFO	geckodriver 0.19.1
1512005177037	geckodriver	INFO	Listening on 127.0.0.1:53824
1512005178996	mozrunner::runner	INFO	Running command: "C:\\Program Files\\Mozilla Firefox\\firefox.exe" "-marionette" "-profile" "C:\\Users\\Jordy\\AppData\\Local\\Temp\\rust_mozprofile.aC5Vg1PwdJGz"
1512005181365	Marionette	INFO	Enabled via --marionette
1512005187612	Marionette	INFO	Listening on port 53830
1512005188412	Marionette	WARN	TLS certificate errors will be ignored for this session
1512005188510	Marionette	DEBUG	Register listener.js for window 4294967297
1512005188545	Marionette	DEBUG	Received DOM event "beforeunload" for "about:blank"
1512005188913	Marionette	DEBUG	Received DOM event "pagehide" for "about:blank"
1512005188913	Marionette	DEBUG	Received DOM event "unload" for "about:blank"
1512005188928	Marionette	DEBUG	Received DOM event "DOMContentLoaded" for "http://localhost:8000/"
1512005188942	Marionette	DEBUG	Received DOM event "pageshow" for "http://localhost:8000/"
1512005303005	geckodriver	INFO	geckodriver 0.19.1
1512005303015	geckodriver	INFO	Listening on 127.0.0.1:53869
1512005305083	mozrunner::runner	INFO	Running command: "C:\\Program Files\\Mozilla Firefox\\firefox.exe" "-marionette" "-profile" "C:\\Users\\Jordy\\AppData\\Local\\Temp\\rust_mozprofile.r7UAbsj3DQtC"
1512005306129	Marionette	INFO	Enabled via --marionette
Unable to read VR Path Registry from C:\Users\Jordy\AppData\Local\openvr\openvrpaths.vrpath
[Child 120, Chrome_ChildThread] WARNING: pipe error: 109: file z:/build/build/src/ipc/chromium/src/chrome/common/ipc_channel_win.cc, line 346
[Child 120, Chrome_ChildThread] WARNING: pipe error: 109: file z:/build/build/src/ipc/chromium/src/chrome/common/ipc_channel_win.cc, line 346
1512005312544	Marionette	INFO	Listening on port 53875
1512005312920	Marionette	WARN	TLS certificate errors will be ignored for this session
1512005313016	Marionette	DEBUG	Register listener.js for window 4294967297
1512005313047	Marionette	DEBUG	Received DOM event "beforeunload" for "about:blank"
1512005313331	Marionette	DEBUG	Received DOM event "pagehide" for "about:blank"
1512005313331	Marionette	DEBUG	Received DOM event "unload" for "about:blank"
1512005313341	Marionette	DEBUG	Received DOM event "DOMContentLoaded" for "http://localhost:8000/"
1512005313351	Marionette	DEBUG	Received DOM event "pageshow" for "http://localhost:8000/"
1512005313467	addons.xpi	WARN	Exception running bootstrap method shutdown on activity-stream@mozilla.org: [Exception... "Component returned failure code: 0x80004005 (NS_ERROR_FAILURE) [nsIObserverService.removeObserver]"  nsresult: "0x80004005 (NS_ERROR_FAILURE)"  location: "JS frame :: resource://activity-stream/lib/SnippetsFeed.jsm :: uninit :: line 123"  data: no] Stack trace: uninit()@resource://activity-stream/lib/SnippetsFeed.jsm:123 < onAction()@resource://activity-stream/lib/SnippetsFeed.jsm:138 < _middleware/</<()@resource://activity-stream/lib/Store.jsm:52 < Store/this[method]()@resource://activity-stream/lib/Store.jsm:31 < uninit()@resource://activity-stream/lib/Store.jsm:151 < uninit()@resource://activity-stream/lib/ActivityStream.jsm:266 < uninit()@resource://gre/modules/addons/XPIProvider.jsm -> jar:file:///C:/Program%20Files/Mozilla%20Firefox/browser/features/activity-stream@mozilla.org.xpi!/bootstrap.js:80 < shutdown()@resource://gre/modules/addons/XPIProvider.jsm -> jar:file:///C:/Program%20Files/Mozilla%20Firefox/browser/features/activity-stream@mozilla.org.xpi!/bootstrap.js:196 < callBootstrapMethod()@resource://gre/modules/addons/XPIProvider.jsm:4509 < observe()@resource://gre/modules/addons/XPIProvider.jsm:2281 < GeckoDriver.prototype.quit()@driver.js:3307 < despatch()@server.js:553 < execute()@server.js:527 < onPacket/<()@server.js:502 < onPacket()@server.js:501 < _onJSONObjectReady/<()@transport.js:501
1512005501435	geckodriver	INFO	geckodriver 0.19.1
1512005501449	geckodriver	INFO	Listening on 127.0.0.1:53909
1512005503519	mozrunner::runner	INFO	Running command: "C:\\Program Files\\Mozilla Firefox\\firefox.exe" "-marionette" "-profile" "C:\\Users\\Jordy\\AppData\\Local\\Temp\\rust_mozprofile.uSDkoNzpTyAU"
1512005504521	Marionette	INFO	Enabled via --marionette
Unable to read VR Path Registry from C:\Users\Jordy\AppData\Local\openvr\openvrpaths.vrpath
[Child 116, Chrome_ChildThread] WARNING: pipe error: 109: file z:/build/build/src/ipc/chromium/src/chrome/common/ipc_channel_win.cc, line 346
[Child 116, Chrome_ChildThread] WARNING: pipe error: 109: file z:/build/build/src/ipc/chromium/src/chrome/common/ipc_channel_win.cc, line 346
1512005510727	Marionette	INFO	Listening on port 53915
1512005510933	Marionette	WARN	TLS certificate errors will be ignored for this session
1512005511053	Marionette	DEBUG	Register listener.js for window 4294967297
1512005511126	Marionette	DEBUG	Received DOM event "beforeunload" for "about:blank"
1512005511405	Marionette	DEBUG	Received DOM event "pagehide" for "about:blank"
1512005511405	Marionette	DEBUG	Received DOM event "unload" for "about:blank"
1512005511417	Marionette	DEBUG	Received DOM event "DOMContentLoaded" for "http://localhost:8000/"
1512005511437	Marionette	DEBUG	Received DOM event "pageshow" for "http://localhost:8000/"
1512005511562	addons.xpi	WARN	Exception running bootstrap method shutdown on activity-stream@mozilla.org: [Exception... "Component returned failure code: 0x80004005 (NS_ERROR_FAILURE) [nsIObserverService.removeObserver]"  nsresult: "0x80004005 (NS_ERROR_FAILURE)"  location: "JS frame :: resource://activity-stream/lib/SnippetsFeed.jsm :: uninit :: line 123"  data: no] Stack trace: uninit()@resource://activity-stream/lib/SnippetsFeed.jsm:123 < onAction()@resource://activity-stream/lib/SnippetsFeed.jsm:138 < _middleware/</<()@resource://activity-stream/lib/Store.jsm:52 < Store/this[method]()@resource://activity-stream/lib/Store.jsm:31 < uninit()@resource://activity-stream/lib/Store.jsm:151 < uninit()@resource://activity-stream/lib/ActivityStream.jsm:266 < uninit()@resource://gre/modules/addons/XPIProvider.jsm -> jar:file:///C:/Program%20Files/Mozilla%20Firefox/browser/features/activity-stream@mozilla.org.xpi!/bootstrap.js:80 < shutdown()@resource://gre/modules/addons/XPIProvider.jsm -> jar:file:///C:/Program%20Files/Mozilla%20Firefox/browser/features/activity-stream@mozilla.org.xpi!/bootstrap.js:196 < callBootstrapMethod()@resource://gre/modules/addons/XPIProvider.jsm:4509 < observe()@resource://gre/modules/addons/XPIProvider.jsm:2281 < GeckoDriver.prototype.quit()@driver.js:3307 < despatch()@server.js:553 < execute()@server.js:527 < onPacket/<()@server.js:502 < onPacket()@server.js:501 < _onJSONObjectReady/<()@transport.js:501
1512005643799	geckodriver	INFO	geckodriver 0.19.1
1512005643813	geckodriver	INFO	Listening on 127.0.0.1:53971
1512005645897	mozrunner::runner	INFO	Running command: "C:\\Program Files\\Mozilla Firefox\\firefox.exe" "-marionette" "-profile" "C:\\Users\\Jordy\\AppData\\Local\\Temp\\rust_mozprofile.oOFMsAkmsRKJ"
1512005646981	Marionette	INFO	Enabled via --marionette
Unable to read VR Path Registry from C:\Users\Jordy\AppData\Local\openvr\openvrpaths.vrpath
[Parent 6748, Gecko_IOThread] WARNING: pipe error: 109: file z:/build/build/src/ipc/chromium/src/chrome/common/ipc_channel_win.cc, line 346
Unable to read VR Path Registry from C:\Users\Jordy\AppData\Local\openvr\openvrpaths.vrpath
[Child 6380, Chrome_ChildThread] WARNING: pipe error: 109: file z:/build/build/src/ipc/chromium/src/chrome/common/ipc_channel_win.cc, line 346
[Child 6380, Chrome_ChildThread] WARNING: pipe error: 109: file z:/build/build/src/ipc/chromium/src/chrome/common/ipc_channel_win.cc, line 346
1512005652473	Marionette	INFO	Listening on port 53977
1512005653216	Marionette	WARN	TLS certificate errors will be ignored for this session
1512005653340	Marionette	DEBUG	Register listener.js for window 4294967297
1512005653374	Marionette	DEBUG	Received DOM event "beforeunload" for "about:blank"
1512005653649	Marionette	DEBUG	Received DOM event "pagehide" for "about:blank"
1512005653653	Marionette	DEBUG	Received DOM event "unload" for "about:blank"
1512005653682	Marionette	DEBUG	Received DOM event "DOMContentLoaded" for "http://localhost:8000/"
1512005653696	Marionette	DEBUG	Received DOM event "pageshow" for "http://localhost:8000/"
1512005775059	geckodriver	INFO	geckodriver 0.19.1
1512005775070	geckodriver	INFO	Listening on 127.0.0.1:54021
1512005777141	mozrunner::runner	INFO	Running command: "C:\\Program Files\\Mozilla Firefox\\firefox.exe" "-marionette" "-profile" "C:\\Users\\Jordy\\AppData\\Local\\Temp\\rust_mozprofile.3pJtAg3l1QGH"
1512005778322	Marionette	INFO	Enabled via --marionette
1512005784696	Marionette	INFO	Listening on port 54027
1512005785004	Marionette	WARN	TLS certificate errors will be ignored for this session
1512005785114	Marionette	DEBUG	Register listener.js for window 4294967297
1512005785143	Marionette	DEBUG	Received DOM event "beforeunload" for "about:blank"
1512005785420	Marionette	DEBUG	Received DOM event "pagehide" for "about:blank"
1512005785420	Marionette	DEBUG	Received DOM event "unload" for "about:blank"
1512005785433	Marionette	DEBUG	Received DOM event "DOMContentLoaded" for "http://localhost:8000/"
1512005785444	Marionette	DEBUG	Received DOM event "pageshow" for "http://localhost:8000/"
1512005785599	addons.xpi	WARN	Exception running bootstrap method shutdown on activity-stream@mozilla.org: [Exception... "Component returned failure code: 0x80004005 (NS_ERROR_FAILURE) [nsIObserverService.removeObserver]"  nsresult: "0x80004005 (NS_ERROR_FAILURE)"  location: "JS frame :: resource://activity-stream/lib/SnippetsFeed.jsm :: uninit :: line 123"  data: no] Stack trace: uninit()@resource://activity-stream/lib/SnippetsFeed.jsm:123 < onAction()@resource://activity-stream/lib/SnippetsFeed.jsm:138 < _middleware/</<()@resource://activity-stream/lib/Store.jsm:52 < Store/this[method]()@resource://activity-stream/lib/Store.jsm:31 < uninit()@resource://activity-stream/lib/Store.jsm:151 < uninit()@resource://activity-stream/lib/ActivityStream.jsm:266 < uninit()@resource://gre/modules/addons/XPIProvider.jsm -> jar:file:///C:/Program%20Files/Mozilla%20Firefox/browser/features/activity-stream@mozilla.org.xpi!/bootstrap.js:80 < shutdown()@resource://gre/modules/addons/XPIProvider.jsm -> jar:file:///C:/Program%20Files/Mozilla%20Firefox/browser/features/activity-stream@mozilla.org.xpi!/bootstrap.js:196 < callBootstrapMethod()@resource://gre/modules/addons/XPIProvider.jsm:4509 < observe()@resource://gre/modules/addons/XPIProvider.jsm:2281 < GeckoDriver.prototype.quit()@driver.js:3307 < despatch()@server.js:553 < execute()@server.js:527 < onPacket/<()@server.js:502 < onPacket()@server.js:501 < _onJSONObjectReady/<()@transport.js:501
Unable to read VR Path Registry from C:\Users\Jordy\AppData\Local\openvr\openvrpaths.vrpath
[Parent 1140, Gecko_IOThread] WARNING: pipe error: 109: file z:/build/build/src/ipc/chromium/src/chrome/common/ipc_channel_win.cc, line 346
1512006018187	geckodriver	INFO	geckodriver 0.19.1
1512006018195	geckodriver	INFO	Listening on 127.0.0.1:54061
1512006020274	mozrunner::runner	INFO	Running command: "C:\\Program Files\\Mozilla Firefox\\firefox.exe" "-marionette" "-profile" "C:\\Users\\Jordy\\AppData\\Local\\Temp\\rust_mozprofile.NxTRTU2Dnp7L"
1512006021339	Marionette	INFO	Enabled via --marionette
Unable to read VR Path Registry from C:\Users\Jordy\AppData\Local\openvr\openvrpaths.vrpath
[Child 3064, Chrome_ChildThread] WARNING: pipe error: 109: file z:/build/build/src/ipc/chromium/src/chrome/common/ipc_channel_win.cc, line 346
[Child 3064, Chrome_ChildThread] WARNING: pipe error: 109: file z:/build/build/src/ipc/chromium/src/chrome/common/ipc_channel_win.cc, line 346
1512006027216	Marionette	INFO	Listening on port 54067
1512006027592	Marionette	WARN	TLS certificate errors will be ignored for this session
1512006027684	Marionette	DEBUG	Register listener.js for window 4294967297
1512006027739	Marionette	DEBUG	Received DOM event "beforeunload" for "about:blank"
1512006028044	Marionette	DEBUG	Received DOM event "pagehide" for "about:blank"
1512006028044	Marionette	DEBUG	Received DOM event "unload" for "about:blank"
1512006028054	Marionette	DEBUG	Received DOM event "DOMContentLoaded" for "http://localhost:8000/"
1512006028064	Marionette	DEBUG	Received DOM event "pageshow" for "http://localhost:8000/"
Unable to read VR Path Registry from C:\Users\Jordy\AppData\Local\openvr\openvrpaths.vrpath
[Child 2420, Chrome_ChildThread] WARNING: pipe error: 109: file z:/build/build/src/ipc/chromium/src/chrome/common/ipc_channel_win.cc, line 346
1512006233037	geckodriver	INFO	geckodriver 0.19.1
1512006233046	geckodriver	INFO	Listening on 127.0.0.1:54102
1512006235097	mozrunner::runner	INFO	Running command: "C:\\Program Files\\Mozilla Firefox\\firefox.exe" "-marionette" "-profile" "C:\\Users\\Jordy\\AppData\\Local\\Temp\\rust_mozprofile.f4Ejxda7eIBK"
1512006236195	Marionette	INFO	Enabled via --marionette
Unable to read VR Path Registry from C:\Users\Jordy\AppData\Local\openvr\openvrpaths.vrpath
[Child 5840, Chrome_ChildThread] WARNING: pipe error: 109: file z:/build/build/src/ipc/chromium/src/chrome/common/ipc_channel_win.cc, line 346
[Child 5840, Chrome_ChildThread] WARNING: pipe error: 109: file z:/build/build/src/ipc/chromium/src/chrome/common/ipc_channel_win.cc, line 346
1512006242328	Marionette	INFO	Listening on port 54108
1512006242516	Marionette	WARN	TLS certificate errors will be ignored for this session
1512006242644	Marionette	DEBUG	Register listener.js for window 4294967297
1512006242700	Marionette	DEBUG	Received DOM event "beforeunload" for "about:blank"
1512006242996	Marionette	DEBUG	Received DOM event "pagehide" for "about:blank"
1512006242997	Marionette	DEBUG	Received DOM event "unload" for "about:blank"
1512006243011	Marionette	DEBUG	Received DOM event "DOMContentLoaded" for "http://localhost:8000/"
1512006243026	Marionette	DEBUG	Received DOM event "pageshow" for "http://localhost:8000/"
1512006243180	addons.xpi	WARN	Exception running bootstrap method shutdown on activity-stream@mozilla.org: [Exception... "Component returned failure code: 0x80004005 (NS_ERROR_FAILURE) [nsIObserverService.removeObserver]"  nsresult: "0x80004005 (NS_ERROR_FAILURE)"  location: "JS frame :: resource://activity-stream/lib/SnippetsFeed.jsm :: uninit :: line 123"  data: no] Stack trace: uninit()@resource://activity-stream/lib/SnippetsFeed.jsm:123 < onAction()@resource://activity-stream/lib/SnippetsFeed.jsm:138 < _middleware/</<()@resource://activity-stream/lib/Store.jsm:52 < Store/this[method]()@resource://activity-stream/lib/Store.jsm:31 < uninit()@resource://activity-stream/lib/Store.jsm:151 < uninit()@resource://activity-stream/lib/ActivityStream.jsm:266 < uninit()@resource://gre/modules/addons/XPIProvider.jsm -> jar:file:///C:/Program%20Files/Mozilla%20Firefox/browser/features/activity-stream@mozilla.org.xpi!/bootstrap.js:80 < shutdown()@resource://gre/modules/addons/XPIProvider.jsm -> jar:file:///C:/Program%20Files/Mozilla%20Firefox/browser/features/activity-stream@mozilla.org.xpi!/bootstrap.js:196 < callBootstrapMethod()@resource://gre/modules/addons/XPIProvider.jsm:4509 < observe()@resource://gre/modules/addons/XPIProvider.jsm:2281 < GeckoDriver.prototype.quit()@driver.js:3307 < despatch()@server.js:553 < execute()@server.js:527 < onPacket/<()@server.js:502 < onPacket()@server.js:501 < _onJSONObjectReady/<()@transport.js:501
1512006394449	geckodriver	INFO	geckodriver 0.19.1
1512006394459	geckodriver	INFO	Listening on 127.0.0.1:54151
1512006396519	mozrunner::runner	INFO	Running command: "C:\\Program Files\\Mozilla Firefox\\firefox.exe" "-marionette" "-profile" "C:\\Users\\Jordy\\AppData\\Local\\Temp\\rust_mozprofile.6996ZqwKFS2S"
1512006397687	Marionette	INFO	Enabled via --marionette
Unable to read VR Path Registry from C:\Users\Jordy\AppData\Local\openvr\openvrpaths.vrpath
[Child 3944, Chrome_ChildThread] WARNING: pipe error: 109: file z:/build/build/src/ipc/chromium/src/chrome/common/ipc_channel_win.cc, line 346
1512006402910	Marionette	INFO	Listening on port 54157
1512006403857	Marionette	WARN	TLS certificate errors will be ignored for this session
1512006403937	Marionette	DEBUG	Register listener.js for window 4294967297
1512006403971	Marionette	DEBUG	Received DOM event "beforeunload" for "about:blank"
1512006404255	Marionette	DEBUG	Received DOM event "pagehide" for "about:blank"
1512006404255	Marionette	DEBUG	Received DOM event "unload" for "about:blank"
1512006404269	Marionette	DEBUG	Received DOM event "DOMContentLoaded" for "http://localhost:8000/"
1512006404278	Marionette	DEBUG	Received DOM event "pageshow" for "http://localhost:8000/"
Unable to read VR Path Registry from C:\Users\Jordy\AppData\Local\openvr\openvrpaths.vrpath
[Parent 6204, Gecko_IOThread] WARNING: pipe error: 109: file z:/build/build/src/ipc/chromium/src/chrome/common/ipc_channel_win.cc, line 346
1512006526585	geckodriver	INFO	geckodriver 0.19.1
1512006526594	geckodriver	INFO	Listening on 127.0.0.1:54263
1512006528680	mozrunner::runner	INFO	Running command: "C:\\Program Files\\Mozilla Firefox\\firefox.exe" "-marionette" "-profile" "C:\\Users\\Jordy\\AppData\\Local\\Temp\\rust_mozprofile.N5uZH2Fm1piO"
1512006529780	Marionette	INFO	Enabled via --marionette
Unable to read VR Path Registry from C:\Users\Jordy\AppData\Local\openvr\openvrpaths.vrpath
[Parent 4676, Gecko_IOThread] WARNING: pipe error: 109: file z:/build/build/src/ipc/chromium/src/chrome/common/ipc_channel_win.cc, line 346
Unable to read VR Path Registry from C:\Users\Jordy\AppData\Local\openvr\openvrpaths.vrpath
[Child 6080, Chrome_ChildThread] WARNING: pipe error: 109: file z:/build/build/src/ipc/chromium/src/chrome/common/ipc_channel_win.cc, line 346
1512006535075	Marionette	INFO	Listening on port 54269
1512006536095	Marionette	WARN	TLS certificate errors will be ignored for this session
1512006536215	Marionette	DEBUG	Register listener.js for window 4294967297
1512006536253	Marionette	DEBUG	Received DOM event "beforeunload" for "about:blank"
1512006536550	Marionette	DEBUG	Received DOM event "pagehide" for "about:blank"
1512006536551	Marionette	DEBUG	Received DOM event "unload" for "about:blank"
1512006536562	Marionette	DEBUG	Received DOM event "DOMContentLoaded" for "http://localhost:8000/"
1512006536572	Marionette	DEBUG	Received DOM event "pageshow" for "http://localhost:8000/"
1512006589243	geckodriver	INFO	geckodriver 0.19.1
1512006589253	geckodriver	INFO	Listening on 127.0.0.1:54301
1512006591312	mozrunner::runner	INFO	Running command: "C:\\Program Files\\Mozilla Firefox\\firefox.exe" "-marionette" "-profile" "C:\\Users\\Jordy\\AppData\\Local\\Temp\\rust_mozprofile.HG0EBclemKVC"
1512006592363	Marionette	INFO	Enabled via --marionette
Unable to read VR Path Registry from C:\Users\Jordy\AppData\Local\openvr\openvrpaths.vrpath
[Child 6416, Chrome_ChildThread] WARNING: pipe error: 109: file z:/build/build/src/ipc/chromium/src/chrome/common/ipc_channel_win.cc, line 346
[Child 6416, Chrome_ChildThread] WARNING: pipe error: 109: file z:/build/build/src/ipc/chromium/src/chrome/common/ipc_channel_win.cc, line 346
1512006597813	Marionette	INFO	Listening on port 54307
1512006598693	Marionette	WARN	TLS certificate errors will be ignored for this session
1512006598776	Marionette	DEBUG	Register listener.js for window 4294967297
1512006598810	Marionette	DEBUG	Received DOM event "beforeunload" for "about:blank"
1512006599084	Marionette	DEBUG	Received DOM event "pagehide" for "about:blank"
1512006599084	Marionette	DEBUG	Received DOM event "unload" for "about:blank"
1512006599102	Marionette	DEBUG	Received DOM event "DOMContentLoaded" for "http://localhost:8000/"
1512006599106	Marionette	DEBUG	Received DOM event "pageshow" for "http://localhost:8000/"
1512006619435	geckodriver	INFO	geckodriver 0.19.1
1512006619444	geckodriver	INFO	Listening on 127.0.0.1:54340
1512006621504	mozrunner::runner	INFO	Running command: "C:\\Program Files\\Mozilla Firefox\\firefox.exe" "-marionette" "-profile" "C:\\Users\\Jordy\\AppData\\Local\\Temp\\rust_mozprofile.UPf69JQ09Wnu"
1512006622615	Marionette	INFO	Enabled via --marionette
Unable to read VR Path Registry from C:\Users\Jordy\AppData\Local\openvr\openvrpaths.vrpath
[Child 4192, Chrome_ChildThread] WARNING: pipe error: 109: file z:/build/build/src/ipc/chromium/src/chrome/common/ipc_channel_win.cc, line 346
[Child 4192, Chrome_ChildThread] WARNING: pipe error: 109: file z:/build/build/src/ipc/chromium/src/chrome/common/ipc_channel_win.cc, line 346
1512006626869	Marionette	INFO	Listening on port 54346
1512006627227	Marionette	WARN	TLS certificate errors will be ignored for this session
1512006627351	Marionette	DEBUG	Register listener.js for window 4294967297
1512006627390	Marionette	DEBUG	Received DOM event "beforeunload" for "about:blank"
1512006627667	Marionette	DEBUG	Received DOM event "pagehide" for "about:blank"
1512006627667	Marionette	DEBUG	Received DOM event "unload" for "about:blank"
1512006627674	Marionette	DEBUG	Received DOM event "DOMContentLoaded" for "http://localhost:8000/"
1512006627684	Marionette	DEBUG	Received DOM event "pageshow" for "http://localhost:8000/"
1512006627773	addons.xpi	WARN	Exception running bootstrap method shutdown on activity-stream@mozilla.org: [Exception... "Component returned failure code: 0x80004005 (NS_ERROR_FAILURE) [nsIObserverService.removeObserver]"  nsresult: "0x80004005 (NS_ERROR_FAILURE)"  location: "JS frame :: resource://activity-stream/lib/SnippetsFeed.jsm :: uninit :: line 123"  data: no] Stack trace: uninit()@resource://activity-stream/lib/SnippetsFeed.jsm:123 < onAction()@resource://activity-stream/lib/SnippetsFeed.jsm:138 < _middleware/</<()@resource://activity-stream/lib/Store.jsm:52 < Store/this[method]()@resource://activity-stream/lib/Store.jsm:31 < uninit()@resource://activity-stream/lib/Store.jsm:151 < uninit()@resource://activity-stream/lib/ActivityStream.jsm:266 < uninit()@resource://gre/modules/addons/XPIProvider.jsm -> jar:file:///C:/Program%20Files/Mozilla%20Firefox/browser/features/activity-stream@mozilla.org.xpi!/bootstrap.js:80 < shutdown()@resource://gre/modules/addons/XPIProvider.jsm -> jar:file:///C:/Program%20Files/Mozilla%20Firefox/browser/features/activity-stream@mozilla.org.xpi!/bootstrap.js:196 < callBootstrapMethod()@resource://gre/modules/addons/XPIProvider.jsm:4509 < observe()@resource://gre/modules/addons/XPIProvider.jsm:2281 < GeckoDriver.prototype.quit()@driver.js:3307 < despatch()@server.js:553 < execute()@server.js:527 < onPacket/<()@server.js:502 < onPacket()@server.js:501 < _onJSONObjectReady/<()@transport.js:501
1512006990468	geckodriver	INFO	geckodriver 0.19.1
1512006990480	geckodriver	INFO	Listening on 127.0.0.1:54418
1512006992544	mozrunner::runner	INFO	Running command: "C:\\Program Files\\Mozilla Firefox\\firefox.exe" "-marionette" "-profile" "C:\\Users\\Jordy\\AppData\\Local\\Temp\\rust_mozprofile.jFDo8I1KF77S"
1512006993642	Marionette	INFO	Enabled via --marionette
Unable to read VR Path Registry from C:\Users\Jordy\AppData\Local\openvr\openvrpaths.vrpath
[Child 4552, Chrome_ChildThread] WARNING: pipe error: 109: file z:/build/build/src/ipc/chromium/src/chrome/common/ipc_channel_win.cc, line 346
[Child 4552, Chrome_ChildThread] WARNING: pipe error: 109: file z:/build/build/src/ipc/chromium/src/chrome/common/ipc_channel_win.cc, line 346
1512006999336	Marionette	INFO	Listening on port 54424
1512006999908	Marionette	WARN	TLS certificate errors will be ignored for this session
1512006999996	Marionette	DEBUG	Register listener.js for window 4294967297
1512007000042	Marionette	DEBUG	Received DOM event "beforeunload" for "about:blank"
1512007000339	Marionette	DEBUG	Received DOM event "pagehide" for "about:blank"
1512007000339	Marionette	DEBUG	Received DOM event "unload" for "about:blank"
1512007000353	Marionette	DEBUG	Received DOM event "DOMContentLoaded" for "http://localhost:8000/"
1512007000374	Marionette	DEBUG	Received DOM event "pageshow" for "http://localhost:8000/"
1512007066885	geckodriver	INFO	geckodriver 0.19.1
1512007066895	geckodriver	INFO	Listening on 127.0.0.1:54467
1512007068988	mozrunner::runner	INFO	Running command: "C:\\Program Files\\Mozilla Firefox\\firefox.exe" "-marionette" "-profile" "C:\\Users\\Jordy\\AppData\\Local\\Temp\\rust_mozprofile.7ZxepIWmEnv9"
1512007070043	Marionette	INFO	Enabled via --marionette
Unable to read VR Path Registry from C:\Users\Jordy\AppData\Local\openvr\openvrpaths.vrpath
[Parent 4384, Gecko_IOThread] WARNING: pipe error: 109: file z:/build/build/src/ipc/chromium/src/chrome/common/ipc_channel_win.cc, line 346
Unable to read VR Path Registry from C:\Users\Jordy\AppData\Local\openvr\openvrpaths.vrpath
[Child 4124, Chrome_ChildThread] WARNING: pipe error: 109: file z:/build/build/src/ipc/chromium/src/chrome/common/ipc_channel_win.cc, line 346
[Child 4124, Chrome_ChildThread] WARNING: pipe error: 109: file z:/build/build/src/ipc/chromium/src/chrome/common/ipc_channel_win.cc, line 346
1512007075564	Marionette	INFO	Listening on port 54473
1512007076291	Marionette	WARN	TLS certificate errors will be ignored for this session
1512007076400	Marionette	DEBUG	Register listener.js for window 4294967297
1512007076429	Marionette	DEBUG	Received DOM event "beforeunload" for "about:blank"
1512007076701	Marionette	DEBUG	Received DOM event "pagehide" for "about:blank"
1512007076702	Marionette	DEBUG	Received DOM event "unload" for "about:blank"
1512007076712	Marionette	DEBUG	Received DOM event "DOMContentLoaded" for "http://localhost:8000/"
1512007076723	Marionette	DEBUG	Received DOM event "pageshow" for "http://localhost:8000/"
1512007126832	geckodriver	INFO	geckodriver 0.19.1
1512007126842	geckodriver	INFO	Listening on 127.0.0.1:54517
1512007128938	mozrunner::runner	INFO	Running command: "C:\\Program Files\\Mozilla Firefox\\firefox.exe" "-marionette" "-profile" "C:\\Users\\Jordy\\AppData\\Local\\Temp\\rust_mozprofile.4LKAJ61xYzg2"
1512007130103	Marionette	INFO	Enabled via --marionette
Unable to read VR Path Registry from C:\Users\Jordy\AppData\Local\openvr\openvrpaths.vrpath
[Child 3424, Chrome_ChildThread] WARNING: pipe error: 109: file z:/build/build/src/ipc/chromium/src/chrome/common/ipc_channel_win.cc, line 346
[Child 3424, Chrome_ChildThread] WARNING: pipe error: 109: file z:/build/build/src/ipc/chromium/src/chrome/common/ipc_channel_win.cc, line 346
1512007135537	Marionette	INFO	Listening on port 54524
1512007136240	Marionette	WARN	TLS certificate errors will be ignored for this session
1512007136341	Marionette	DEBUG	Register listener.js for window 4294967297
1512007136378	Marionette	DEBUG	Received DOM event "beforeunload" for "about:blank"
1512007136651	Marionette	DEBUG	Received DOM event "pagehide" for "about:blank"
1512007136652	Marionette	DEBUG	Received DOM event "unload" for "about:blank"
1512007136661	Marionette	DEBUG	Received DOM event "DOMContentLoaded" for "http://localhost:8000/"
1512007136671	Marionette	DEBUG	Received DOM event "pageshow" for "http://localhost:8000/"
Unable to read VR Path Registry from C:\Users\Jordy\AppData\Local\openvr\openvrpaths.vrpath
[Parent 6688, Gecko_IOThread] WARNING: pipe error: 109: file z:/build/build/src/ipc/chromium/src/chrome/common/ipc_channel_win.cc, line 346
1512007285770	geckodriver	INFO	geckodriver 0.19.1
1512007285782	geckodriver	INFO	Listening on 127.0.0.1:54569
1512007287866	mozrunner::runner	INFO	Running command: "C:\\Program Files\\Mozilla Firefox\\firefox.exe" "-marionette" "-profile" "C:\\Users\\Jordy\\AppData\\Local\\Temp\\rust_mozprofile.2sYZe1GalNWr"
1512007288836	Marionette	INFO	Enabled via --marionette
Unable to read VR Path Registry from C:\Users\Jordy\AppData\Local\openvr\openvrpaths.vrpath
[Child 5076, Chrome_ChildThread] WARNING: pipe error: 109: file z:/build/build/src/ipc/chromium/src/chrome/common/ipc_channel_win.cc, line 346
[Child 5076, Chrome_ChildThread] WARNING: pipe error: 109: file z:/build/build/src/ipc/chromium/src/chrome/common/ipc_channel_win.cc, line 346
1512007292890	Marionette	INFO	Listening on port 54575
1512007293165	Marionette	WARN	TLS certificate errors will be ignored for this session
1512007293271	Marionette	DEBUG	Register listener.js for window 4294967297
1512007293330	Marionette	DEBUG	Received DOM event "beforeunload" for "about:blank"
1512007293613	Marionette	DEBUG	Received DOM event "pagehide" for "about:blank"
1512007293613	Marionette	DEBUG	Received DOM event "unload" for "about:blank"
1512007293624	Marionette	DEBUG	Received DOM event "DOMContentLoaded" for "http://localhost:8000/"
1512007293639	Marionette	DEBUG	Received DOM event "pageshow" for "http://localhost:8000/"
Unable to read VR Path Registry from C:\Users\Jordy\AppData\Local\openvr\openvrpaths.vrpath
[Parent 2056, Gecko_IOThread] WARNING: pipe error: 109: file z:/build/build/src/ipc/chromium/src/chrome/common/ipc_channel_win.cc, line 346
1512007432337	geckodriver	INFO	geckodriver 0.19.1
1512007432347	geckodriver	INFO	Listening on 127.0.0.1:54619
1512007434411	mozrunner::runner	INFO	Running command: "C:\\Program Files\\Mozilla Firefox\\firefox.exe" "-marionette" "-profile" "C:\\Users\\Jordy\\AppData\\Local\\Temp\\rust_mozprofile.k3hAu5NxMC2U"
1512007435448	Marionette	INFO	Enabled via --marionette
Unable to read VR Path Registry from C:\Users\Jordy\AppData\Local\openvr\openvrpaths.vrpath
[Child 6116, Chrome_ChildThread] WARNING: pipe error: 109: file z:/build/build/src/ipc/chromium/src/chrome/common/ipc_channel_win.cc, line 346
[Child 6116, Chrome_ChildThread] WARNING: pipe error: 109: file z:/build/build/src/ipc/chromium/src/chrome/common/ipc_channel_win.cc, line 346
1512007441051	Marionette	INFO	Listening on port 54625
1512007441743	Marionette	WARN	TLS certificate errors will be ignored for this session
1512007441873	Marionette	DEBUG	Register listener.js for window 4294967297
1512007441959	Marionette	DEBUG	Received DOM event "beforeunload" for "about:blank"
1512007442253	Marionette	DEBUG	Received DOM event "pagehide" for "about:blank"
1512007442254	Marionette	DEBUG	Received DOM event "unload" for "about:blank"
1512007442267	Marionette	DEBUG	Received DOM event "DOMContentLoaded" for "http://localhost:8000/"
1512007442277	Marionette	DEBUG	Received DOM event "pageshow" for "http://localhost:8000/"
1512007954370	geckodriver	INFO	geckodriver 0.19.1
1512007954380	geckodriver	INFO	Listening on 127.0.0.1:54686
1512007956468	mozrunner::runner	INFO	Running command: "C:\\Program Files\\Mozilla Firefox\\firefox.exe" "-marionette" "-profile" "C:\\Users\\Jordy\\AppData\\Local\\Temp\\rust_mozprofile.uVR6ujCHa35O"
1512007957471	Marionette	INFO	Enabled via --marionette
Unable to read VR Path Registry from C:\Users\Jordy\AppData\Local\openvr\openvrpaths.vrpath
[Parent 716, Gecko_IOThread] WARNING: pipe error: 109: file z:/build/build/src/ipc/chromium/src/chrome/common/ipc_channel_win.cc, line 346
Unable to read VR Path Registry from C:\Users\Jordy\AppData\Local\openvr\openvrpaths.vrpath
[Child 3176, Chrome_ChildThread] WARNING: pipe error: 109: file z:/build/build/src/ipc/chromium/src/chrome/common/ipc_channel_win.cc, line 346
[Child 3176, Chrome_ChildThread] WARNING: pipe error: 109: file z:/build/build/src/ipc/chromium/src/chrome/common/ipc_channel_win.cc, line 346
1512007963296	Marionette	INFO	Listening on port 54692
1512007963844	Marionette	WARN	TLS certificate errors will be ignored for this session
1512007963932	Marionette	DEBUG	Register listener.js for window 4294967297
1512007963964	Marionette	DEBUG	Received DOM event "beforeunload" for "about:blank"
1512007964235	Marionette	DEBUG	Received DOM event "pagehide" for "about:blank"
1512007964236	Marionette	DEBUG	Received DOM event "unload" for "about:blank"
1512007964243	Marionette	DEBUG	Received DOM event "DOMContentLoaded" for "http://localhost:8000/"
1512007964255	Marionette	DEBUG	Received DOM event "pageshow" for "http://localhost:8000/"
